SF:d:\Proyectos\ShopMicroservices\Shop\Shop.Catalog\Shop.Catalog.Service\Extensions\Mappers.cs
FN:8,Shop.Catalog.Service.Dtos.ItemDto Shop.Catalog.Service.Mappers::AsDto(Shop.Catalog.Service.Entities.Item)
FNDA:0,Shop.Catalog.Service.Dtos.ItemDto Shop.Catalog.Service.Mappers::AsDto(Shop.Catalog.Service.Entities.Item)
DA:9,0
DA:10,0
DA:11,0
LF:3
LH:0
BRF:0
BRH:0
FNF:1
FNH:0
end_of_record
SF:d:\Proyectos\ShopMicroservices\Shop\Shop.Catalog\Shop.Catalog.Service\Entities\Item.cs
FN:6,System.Guid Shop.Catalog.Service.Entities.Item::get_Id()
FNDA:0,System.Guid Shop.Catalog.Service.Entities.Item::get_Id()
DA:7,0
FN:8,System.String Shop.Catalog.Service.Entities.Item::get_Name()
FNDA:0,System.String Shop.Catalog.Service.Entities.Item::get_Name()
DA:9,0
FN:10,System.String Shop.Catalog.Service.Entities.Item::get_Description()
FNDA:0,System.String Shop.Catalog.Service.Entities.Item::get_Description()
DA:11,0
FN:12,System.Decimal Shop.Catalog.Service.Entities.Item::get_Price()
FNDA:0,System.Decimal Shop.Catalog.Service.Entities.Item::get_Price()
DA:13,0
FN:14,System.DateTimeOffset Shop.Catalog.Service.Entities.Item::get_CreatedDate()
FNDA:0,System.DateTimeOffset Shop.Catalog.Service.Entities.Item::get_CreatedDate()
DA:15,0
LF:5
LH:0
BRF:0
BRH:0
FNF:5
FNH:0
end_of_record
SF:d:\Proyectos\ShopMicroservices\Shop\Shop.Catalog\Shop.Catalog.Service\Dtos\Dtos.cs
FN:5,System.Guid Shop.Catalog.Service.Dtos.ItemDto::get_Id()
FNDA:0,System.Guid Shop.Catalog.Service.Dtos.ItemDto::get_Id()
DA:6,0
FN:7,System.String Shop.Catalog.Service.Dtos.CreateItemDto::get_Name()
FNDA:0,System.String Shop.Catalog.Service.Dtos.CreateItemDto::get_Name()
DA:8,0
FN:9,System.String Shop.Catalog.Service.Dtos.UpdateItemDto::get_Name()
FNDA:0,System.String Shop.Catalog.Service.Dtos.UpdateItemDto::get_Name()
DA:10,0
LF:3
LH:0
BRF:0
BRH:0
FNF:3
FNH:0
end_of_record
SF:d:\Proyectos\ShopMicroservices\Shop\Shop.Catalog\Shop.Catalog.Service\Controllers\ItemsController.cs
FN:19,System.Void Shop.Catalog.Service.Controllers.ItemsController::.ctor(Shop.Common.IRepository`1<Shop.Catalog.Service.Entities.Item>,MassTransit.IPublishEndpoint)
FNDA:0,System.Void Shop.Catalog.Service.Controllers.ItemsController::.ctor(Shop.Common.IRepository`1<Shop.Catalog.Service.Entities.Item>,MassTransit.IPublishEndpoint)
DA:20,0
DA:21,0
DA:22,0
DA:23,0
DA:24,0
FN:31,Shop.Catalog.Service.Dtos.ItemDto Shop.Catalog.Service.Controllers.ItemsController/<>c::<GetAsync>b__3_0(Shop.Catalog.Service.Entities.Item)
FNDA:0,Shop.Catalog.Service.Dtos.ItemDto Shop.Catalog.Service.Controllers.ItemsController/<>c::<GetAsync>b__3_0(Shop.Catalog.Service.Entities.Item)
DA:32,0
FN:89,System.Void Shop.Catalog.Service.Controllers.ItemsController/<DeleteAsync>d__7::MoveNext()
FNDA:0,System.Void Shop.Catalog.Service.Controllers.ItemsController/<DeleteAsync>d__7::MoveNext()
DA:90,0
DA:91,0
DA:93,0
DA:94,0
DA:95,0
DA:98,0
DA:100,0
DA:102,0
DA:103,0
BRDA:93,189,0,0
BRDA:93,189,1,0
FN:29,System.Void Shop.Catalog.Service.Controllers.ItemsController/<GetAsync>d__3::MoveNext()
FNDA:0,System.Void Shop.Catalog.Service.Controllers.ItemsController/<GetAsync>d__3::MoveNext()
DA:30,0
DA:31,0
DA:33,0
FN:36,System.Void Shop.Catalog.Service.Controllers.ItemsController/<GetByIdAsync>d__4::MoveNext()
FNDA:0,System.Void Shop.Catalog.Service.Controllers.ItemsController/<GetByIdAsync>d__4::MoveNext()
DA:37,0
DA:38,0
DA:40,0
DA:41,0
DA:42,0
DA:45,0
DA:46,0
BRDA:40,164,0,0
BRDA:40,164,1,0
FN:49,System.Void Shop.Catalog.Service.Controllers.ItemsController/<PostAsync>d__5::MoveNext()
FNDA:0,System.Void Shop.Catalog.Service.Controllers.ItemsController/<PostAsync>d__5::MoveNext()
DA:50,0
DA:51,0
DA:52,0
DA:53,0
DA:54,0
DA:55,0
DA:56,0
DA:57,0
DA:58,0
DA:60,0
DA:61,0
DA:62,0
DA:63,0
FN:67,System.Void Shop.Catalog.Service.Controllers.ItemsController/<PutAsync>d__6::MoveNext()
FNDA:0,System.Void Shop.Catalog.Service.Controllers.ItemsController/<PutAsync>d__6::MoveNext()
DA:68,0
DA:69,0
DA:71,0
DA:72,0
DA:73,0
DA:76,0
DA:77,0
DA:78,0
DA:80,0
DA:82,0
DA:84,0
DA:85,0
BRDA:71,189,0,0
BRDA:71,189,1,0
LF:50
LH:0
BRF:6
BRH:0
FNF:7
FNH:0
end_of_record